[33mâ¯[39m Building...
[32mâœ”[39m Building...
Application bundle generation failed. [3.556 seconds]

[1m[31m[31mX [41;31m[[41;97mERROR[41;31m][0m [1mTS2307: Cannot find module '../../../masters/services/masters.service' or its corresponding type declarations.[0m [1m[35m[plugin angular-compiler][0m

    src/app/purchasing/components/purchase-order-form/purchase-order-form.component.ts:16:31:
[37m      16 â”‚ ...MastersService } from [32m'../../../masters/services/masters.service'[37m;
         â•µ                          [32m~~~~~~~~~~~~~~~~~~~~~~~~~~~~~~~~~~~~~~~~~~~[0m


[31mX [41;31m[[41;97mERROR[41;31m][0m [1mTS-992003: No suitable injection token for parameter 'mastersService' of class 'PurchaseOrderFormComponent'.
  Consider using the @Inject decorator to specify an injection token.[0m [1m[35m[plugin angular-compiler][0m

    src/app/purchasing/components/purchase-order-form/purchase-order-form.component.ts:53:12:
[37m      53 â”‚     private [32mmastersService[37m: MastersService,
         â•µ             [32m~~~~~~~~~~~~~~[0m

  This type does not have a value, so it cannot be used as injection token.

    src/app/purchasing/components/purchase-order-form/purchase-order-form.component.ts:53:28:
[37m      53 â”‚     private mastersService: [32mMastersService[37m,
         â•µ                             [32m~~~~~~~~~~~~~~[0m


[31mX [41;31m[[41;97mERROR[41;31m][0m [1mTS7006: Parameter 'response' implicitly has an 'any' type.[0m [1m[35m[plugin angular-compiler][0m

    src/app/purchasing/components/purchase-order-form/purchase-order-form.component.ts:94:13:
[37m      94 â”‚       next: ([32mresponse[37m) => {
         â•µ              [32m~~~~~~~~[0m


[31mX [41;31m[[41;97mERROR[41;31m][0m [1mTS7006: Parameter 'error' implicitly has an 'any' type.[0m [1m[35m[plugin angular-compiler][0m

    src/app/purchasing/components/purchase-order-form/purchase-order-form.component.ts:97:14:
[37m      97 â”‚       error: ([32merror[37m) => console.error('Error loading suppliers:', ...
         â•µ               [32m~~~~~[0m


[31mX [41;31m[[41;97mERROR[41;31m][0m [1mTS7006: Parameter 'response' implicitly has an 'any' type.[0m [1m[35m[plugin angular-compiler][0m

    src/app/purchasing/components/purchase-order-form/purchase-order-form.component.ts:106:13:
[37m      106 â”‚       next: ([32mresponse[37m) => {
          â•µ              [32m~~~~~~~~[0m


[31mX [41;31m[[41;97mERROR[41;31m][0m [1mTS7006: Parameter 'error' implicitly has an 'any' type.[0m [1m[35m[plugin angular-compiler][0m

    src/app/purchasing/components/purchase-order-form/purchase-order-form.component.ts:109:14:
[37m      109 â”‚       error: ([32merror[37m) => console.error('Error loading items:', err...
          â•µ               [32m~~~~~[0m


[31mX [41;31m[[41;97mERROR[41;31m][0m [1mTS2307: Cannot find module '@angular/material/chip' or its corresponding type declarations.[0m [1m[35m[plugin angular-compiler][0m

    src/app/purchasing/components/purchase-order-list/purchase-order-list.component.ts:13:31:
[37m      13 â”‚ import { MatChipsModule } from [32m'@angular/material/chip'[37m;
         â•µ                                [32m~~~~~~~~~~~~~~~~~~~~~~~~[0m


[31mX [41;31m[[41;97mERROR[41;31m][0m [1mTS-991010: 'imports' must be an array of components, directives, pipes, or NgModules.
  Value is of type '[CommonModule, FormsModule, MatTableModule, MatButtonModule, MatIconModule, MatFormFieldModule, MatInputModule, MatSelectModule, MatDatepickerModule, MatNativeDateModule, MatPaginatorModule, (not statically analyzable), MatCardModule, MatMenuModule, MatProgressSpinnerModule]'.[0m [1m[35m[plugin angular-compiler][0m

    src/app/purchasing/components/purchase-order-list/purchase-order-list.component.ts:23:11:
[37m      23 â”‚   imports: [32m[[37m
         â•µ            [32m^[0m

[39m[22m
